<?xml version="1.0" encoding="UTF-8"?>
<!-- Generated by org.testng.reporters.JUnitXMLReporter -->
<testsuite ignored="0" hostname="4SHISH" failures="1" tests="5" name="Test" time="48.361" errors="0" timestamp="2024-01-23T18:19:08 IST">
  <testcase classname="testing.test2" name="FirstRun" time="1.336">
    <skipped/>
  </testcase> <!-- FirstRun -->
  <testcase classname="testing.test2" name="FirstRun" time="1.888">
    <failure type="org.junit.ComparisonFailure" message="expected:&amp;lt;...correct email or pas[]word.&amp;gt; but was:&amp;lt;...correct email or pas[s]word.&amp;gt;">
      <![CDATA[org.junit.ComparisonFailure: expected:<...correct email or pas[]word.> but was:<...correct email or pas[s]word.>
at org.junit.Assert.assertEquals(Assert.java:115)
at org.junit.Assert.assertEquals(Assert.java:144)
at testing.test2.FirstRun(test2.java:31)
at java.base/java.util.ArrayList.forEach(ArrayList.java:1511)
... Removed 25 stack frames]]>
    </failure>
  </testcase> <!-- FirstRun -->
  <testcase classname="testing.test2" name="SecondRun" time="2.17"/>
  <testcase classname="testing.login" name="FirstRun" time="6.521"/>
  <testcase classname="testing.login" name="FirstRun" time="4.764"/>
</testsuite> <!-- Test -->
