<?xml version="1.0" encoding="UTF-8"?>
<testng-results retried="1" ignored="1" total="6" passed="3" failed="1" skipped="0">
  <reporter-output>
  </reporter-output>
  <suite started-at="2024-01-23T18:18:18 IST" name="Suite" finished-at="2024-01-23T18:19:07 IST" duration-ms="48361">
    <groups>
    </groups>
    <test started-at="2024-01-23T18:18:18 IST" name="Test" finished-at="2024-01-23T18:19:07 IST" duration-ms="48361">
      <class name="testing.login">
        <test-method is-config="true" signature="HomePage()[pri:0, instance:testing.login@1921ad94]" started-at="2024-01-23T18:18:44 IST" name="HomePage" finished-at="2024-01-23T18:18:48 IST" duration-ms="4503" status="PASS">
          <reporter-output>
          </reporter-output>
        </test-method> <!-- HomePage -->
        <test-method signature="FirstRun(java.util.HashMap)[pri:0, instance:testing.login@1921ad94]" started-at="2024-01-23T18:18:48 IST" name="FirstRun" data-provider="hashData" finished-at="2024-01-23T18:18:55 IST" duration-ms="6521" status="PASS">
          <params>
            <param index="0">
              <value>
                <![CDATA[{Pass=Test@1234, Email=automate123@gmail.com}]]>
              </value>
            </param>
          </params>
          <reporter-output>
          </reporter-output>
        </test-method> <!-- FirstRun -->
        <test-method is-config="true" signature="trunOff()[pri:0, instance:testing.login@1921ad94]" started-at="2024-01-23T18:18:55 IST" name="trunOff" finished-at="2024-01-23T18:18:55 IST" duration-ms="140" status="PASS">
          <reporter-output>
          </reporter-output>
        </test-method> <!-- trunOff -->
        <test-method is-config="true" signature="HomePage()[pri:0, instance:testing.login@1921ad94]" started-at="2024-01-23T18:18:55 IST" name="HomePage" finished-at="2024-01-23T18:18:59 IST" duration-ms="4595" status="PASS">
          <reporter-output>
          </reporter-output>
        </test-method> <!-- HomePage -->
        <test-method signature="FirstRun(java.util.HashMap)[pri:0, instance:testing.login@1921ad94]" started-at="2024-01-23T18:18:59 IST" name="FirstRun" data-provider="hashData" finished-at="2024-01-23T18:19:04 IST" duration-ms="4764" status="PASS">
          <params>
            <param index="0">
              <value>
                <![CDATA[{Pass=Iamking@000, Email=shetty@gmail.com}]]>
              </value>
            </param>
          </params>
          <reporter-output>
          </reporter-output>
        </test-method> <!-- FirstRun -->
        <test-method is-config="true" signature="trunOff()[pri:0, instance:testing.login@1921ad94]" started-at="2024-01-23T18:19:04 IST" name="trunOff" finished-at="2024-01-23T18:19:07 IST" duration-ms="2566" status="PASS">
          <reporter-output>
          </reporter-output>
        </test-method> <!-- trunOff -->
      </class> <!-- testing.login -->
      <class name="testing.test2">
        <test-method is-config="true" signature="HomePage()[pri:0, instance:testing.test2@24ba9639]" started-at="2024-01-23T18:18:18 IST" name="HomePage" finished-at="2024-01-23T18:18:27 IST" duration-ms="8247" status="PASS">
          <reporter-output>
          </reporter-output>
        </test-method> <!-- HomePage -->
        <test-method retried="true" signature="FirstRun()[pri:0, instance:testing.test2@24ba9639]" started-at="2024-01-23T18:18:27 IST" name="FirstRun" finished-at="2024-01-23T18:18:28 IST" duration-ms="1336" status="SKIP">
          <exception class="org.junit.ComparisonFailure">
            <message>
              <![CDATA[expected:<...correct email or pas[]word.> but was:<...correct email or pas[s]word.>]]>
            </message>
            <full-stacktrace>
              <![CDATA[org.junit.ComparisonFailure: expected:<...correct email or pas[]word.> but was:<...correct email or pas[s]word.>
at org.junit.Assert.assertEquals(Assert.java:115)
at org.junit.Assert.assertEquals(Assert.java:144)
at testing.test2.FirstRun(test2.java:31)
at java.base/jdk.internal.reflect.DirectMethodHandleAccessor.invoke(DirectMethodHandleAccessor.java:104)
at java.base/java.lang.reflect.Method.invoke(Method.java:578)
at org.testng.internal.invokers.MethodInvocationHelper.invokeMethod(MethodInvocationHelper.java:139)
at org.testng.internal.invokers.TestInvoker.invokeMethod(TestInvoker.java:664)
at org.testng.internal.invokers.TestInvoker.invokeTestMethod(TestInvoker.java:227)
at org.testng.internal.invokers.MethodRunner.runInSequence(MethodRunner.java:50)
at org.testng.internal.invokers.TestInvoker$MethodInvocationAgent.invoke(TestInvoker.java:957)
at org.testng.internal.invokers.TestInvoker.invokeTestMethods(TestInvoker.java:200)
at org.testng.internal.invokers.TestMethodWorker.invokeTestMethods(TestMethodWorker.java:148)
at org.testng.internal.invokers.TestMethodWorker.run(TestMethodWorker.java:128)
at java.base/java.util.ArrayList.forEach(ArrayList.java:1511)
at org.testng.TestRunner.privateRun(TestRunner.java:848)
at org.testng.TestRunner.run(TestRunner.java:621)
at org.testng.SuiteRunner.runTest(SuiteRunner.java:443)
at org.testng.SuiteRunner.runSequentially(SuiteRunner.java:437)
at org.testng.SuiteRunner.privateRun(SuiteRunner.java:397)
at org.testng.SuiteRunner.run(SuiteRunner.java:336)
at org.testng.SuiteRunnerWorker.runSuite(SuiteRunnerWorker.java:52)
at org.testng.SuiteRunnerWorker.run(SuiteRunnerWorker.java:95)
at org.testng.TestNG.runSuitesSequentially(TestNG.java:1280)
at org.testng.TestNG.runSuitesLocally(TestNG.java:1200)
at org.testng.TestNG.runSuites(TestNG.java:1114)
at org.testng.TestNG.run(TestNG.java:1082)
at org.testng.remote.AbstractRemoteTestNG.run(AbstractRemoteTestNG.java:115)
at org.testng.remote.RemoteTestNG.initAndRun(RemoteTestNG.java:251)
at org.testng.remote.RemoteTestNG.main(RemoteTestNG.java:77)
]]>
            </full-stacktrace>
          </exception> <!-- org.junit.ComparisonFailure -->
          <reporter-output>
          </reporter-output>
        </test-method> <!-- FirstRun -->
        <test-method is-config="true" signature="trunOff()[pri:0, instance:testing.test2@24ba9639]" started-at="2024-01-23T18:18:28 IST" name="trunOff" finished-at="2024-01-23T18:18:28 IST" duration-ms="322" status="PASS">
          <reporter-output>
          </reporter-output>
        </test-method> <!-- trunOff -->
        <test-method is-config="true" signature="HomePage()[pri:0, instance:testing.test2@24ba9639]" started-at="2024-01-23T18:18:28 IST" name="HomePage" finished-at="2024-01-23T18:18:33 IST" duration-ms="4713" status="PASS">
          <reporter-output>
          </reporter-output>
        </test-method> <!-- HomePage -->
        <test-method signature="FirstRun()[pri:0, instance:testing.test2@24ba9639]" started-at="2024-01-23T18:18:33 IST" name="FirstRun" finished-at="2024-01-23T18:18:35 IST" duration-ms="1888" status="FAIL">
          <exception class="org.junit.ComparisonFailure">
            <message>
              <![CDATA[expected:<...correct email or pas[]word.> but was:<...correct email or pas[s]word.>]]>
            </message>
            <full-stacktrace>
              <![CDATA[org.junit.ComparisonFailure: expected:<...correct email or pas[]word.> but was:<...correct email or pas[s]word.>
at org.junit.Assert.assertEquals(Assert.java:115)
at org.junit.Assert.assertEquals(Assert.java:144)
at testing.test2.FirstRun(test2.java:31)
at java.base/jdk.internal.reflect.DirectMethodHandleAccessor.invoke(DirectMethodHandleAccessor.java:104)
at java.base/java.lang.reflect.Method.invoke(Method.java:578)
at org.testng.internal.invokers.MethodInvocationHelper.invokeMethod(MethodInvocationHelper.java:139)
at org.testng.internal.invokers.TestInvoker.invokeMethod(TestInvoker.java:664)
at org.testng.internal.invokers.TestInvoker.retryFailed(TestInvoker.java:248)
at org.testng.internal.invokers.MethodRunner.runInSequence(MethodRunner.java:62)
at org.testng.internal.invokers.TestInvoker$MethodInvocationAgent.invoke(TestInvoker.java:957)
at org.testng.internal.invokers.TestInvoker.invokeTestMethods(TestInvoker.java:200)
at org.testng.internal.invokers.TestMethodWorker.invokeTestMethods(TestMethodWorker.java:148)
at org.testng.internal.invokers.TestMethodWorker.run(TestMethodWorker.java:128)
at java.base/java.util.ArrayList.forEach(ArrayList.java:1511)
at org.testng.TestRunner.privateRun(TestRunner.java:848)
at org.testng.TestRunner.run(TestRunner.java:621)
at org.testng.SuiteRunner.runTest(SuiteRunner.java:443)
at org.testng.SuiteRunner.runSequentially(SuiteRunner.java:437)
at org.testng.SuiteRunner.privateRun(SuiteRunner.java:397)
at org.testng.SuiteRunner.run(SuiteRunner.java:336)
at org.testng.SuiteRunnerWorker.runSuite(SuiteRunnerWorker.java:52)
at org.testng.SuiteRunnerWorker.run(SuiteRunnerWorker.java:95)
at org.testng.TestNG.runSuitesSequentially(TestNG.java:1280)
at org.testng.TestNG.runSuitesLocally(TestNG.java:1200)
at org.testng.TestNG.runSuites(TestNG.java:1114)
at org.testng.TestNG.run(TestNG.java:1082)
at org.testng.remote.AbstractRemoteTestNG.run(AbstractRemoteTestNG.java:115)
at org.testng.remote.RemoteTestNG.initAndRun(RemoteTestNG.java:251)
at org.testng.remote.RemoteTestNG.main(RemoteTestNG.java:77)
]]>
            </full-stacktrace>
          </exception> <!-- org.junit.ComparisonFailure -->
          <reporter-output>
          </reporter-output>
        </test-method> <!-- FirstRun -->
        <test-method is-config="true" signature="trunOff()[pri:0, instance:testing.test2@24ba9639]" started-at="2024-01-23T18:18:36 IST" name="trunOff" finished-at="2024-01-23T18:18:36 IST" duration-ms="331" status="PASS">
          <reporter-output>
          </reporter-output>
        </test-method> <!-- trunOff -->
        <test-method is-config="true" signature="HomePage()[pri:0, instance:testing.test2@24ba9639]" started-at="2024-01-23T18:18:36 IST" name="HomePage" finished-at="2024-01-23T18:18:41 IST" duration-ms="4672" status="PASS">
          <reporter-output>
          </reporter-output>
        </test-method> <!-- HomePage -->
        <test-method signature="SecondRun()[pri:0, instance:testing.test2@24ba9639]" started-at="2024-01-23T18:18:41 IST" name="SecondRun" finished-at="2024-01-23T18:18:43 IST" duration-ms="2170" status="PASS">
          <reporter-output>
          </reporter-output>
        </test-method> <!-- SecondRun -->
        <test-method is-config="true" signature="trunOff()[pri:0, instance:testing.test2@24ba9639]" started-at="2024-01-23T18:18:43 IST" name="trunOff" finished-at="2024-01-23T18:18:44 IST" duration-ms="449" status="PASS">
          <reporter-output>
          </reporter-output>
        </test-method> <!-- trunOff -->
      </class> <!-- testing.test2 -->
    </test> <!-- Test -->
  </suite> <!-- Suite -->
</testng-results>
