<?xml version="1.0" encoding="UTF-8"?>
<testng-results ignored="0" total="1" passed="1" failed="0" skipped="0">
  <reporter-output>
  </reporter-output>
  <suite started-at="2024-01-20T23:17:19 IST" name="Default suite" finished-at="2024-01-20T23:17:29 IST" duration-ms="10828">
    <groups>
    </groups>
    <test started-at="2024-01-20T23:17:19 IST" name="Default test" finished-at="2024-01-20T23:17:29 IST" duration-ms="10828">
      <class name="All_Reports.reports.extentReports">
        <test-method is-config="true" signature="extentConfig()[pri:0, instance:All_Reports.reports.extentReports@791f145a]" started-at="2024-01-20T23:17:19 IST" name="extentConfig" finished-at="2024-01-20T23:17:19 IST" duration-ms="384" status="PASS">
          <reporter-output>
          </reporter-output>
        </test-method> <!-- extentConfig -->
        <test-method signature="firstReport()[pri:0, instance:All_Reports.reports.extentReports@791f145a]" started-at="2024-01-20T23:17:19 IST" name="firstReport" finished-at="2024-01-20T23:17:29 IST" duration-ms="10367" status="PASS">
          <reporter-output>
          </reporter-output>
        </test-method> <!-- firstReport -->
      </class> <!-- All_Reports.reports.extentReports -->
    </test> <!-- Default test -->
  </suite> <!-- Default suite -->
</testng-results>
