<?xml version="1.0" encoding="UTF-8"?>
<!-- Generated by org.testng.reporters.JUnitXMLReporter -->
<testsuite ignored="0" hostname="4SHISH" failures="0" tests="4" name="Test" time="0.113" errors="0" timestamp="2024-01-20T22:50:47 IST">
  <testcase classname="testing.baseTest" name="@BeforeMethod HomePage" time="0.011">
    <failure type="java.lang.NullPointerException">
      <![CDATA[java.lang.NullPointerException
at testing.baseTest.IntilizationBrowser(baseTest.java:33)
at testing.baseTest.HomePage(baseTest.java:48)
at java.base/java.util.ArrayList.forEach(ArrayList.java:1541)
... Removed 35 stack frames]]>
    </failure>
  </testcase> <!-- @BeforeMethod HomePage -->
  <testcase classname="testing.baseTest" name="@BeforeMethod HomePage" time="0.001">
    <failure type="java.lang.NullPointerException">
      <![CDATA[java.lang.NullPointerException
at testing.baseTest.IntilizationBrowser(baseTest.java:33)
at testing.baseTest.HomePage(baseTest.java:48)
at java.base/java.util.ArrayList.forEach(ArrayList.java:1541)
... Removed 35 stack frames]]>
    </failure>
  </testcase> <!-- @BeforeMethod HomePage -->
  <testcase classname="testing.baseTest" name="@BeforeMethod HomePage" time="0.001">
    <failure type="java.lang.NullPointerException">
      <![CDATA[java.lang.NullPointerException
at testing.baseTest.IntilizationBrowser(baseTest.java:33)
at testing.baseTest.HomePage(baseTest.java:48)
at java.base/java.util.ArrayList.forEach(ArrayList.java:1541)
... Removed 35 stack frames]]>
    </failure>
  </testcase> <!-- @BeforeMethod HomePage -->
  <testcase classname="testing.baseTest" name="@BeforeMethod HomePage" time="0.001">
    <failure type="java.lang.NullPointerException">
      <![CDATA[java.lang.NullPointerException
at testing.baseTest.IntilizationBrowser(baseTest.java:33)
at testing.baseTest.HomePage(baseTest.java:48)
at java.base/java.util.ArrayList.forEach(ArrayList.java:1541)
... Removed 35 stack frames]]>
    </failure>
  </testcase> <!-- @BeforeMethod HomePage -->
  <testcase classname="testing.test2" name="FirstRun" time="0.0">
    <skipped/>
  </testcase> <!-- FirstRun -->
  <testcase classname="testing.test2" name="SecondRun" time="0.0">
    <skipped/>
  </testcase> <!-- SecondRun -->
  <testcase classname="testing.login" name="FirstRun" time="0.0">
    <skipped/>
  </testcase> <!-- FirstRun -->
  <testcase classname="testing.login" name="FirstRun" time="0.0">
    <skipped/>
  </testcase> <!-- FirstRun -->
</testsuite> <!-- Test -->
