<?xml version="1.0" encoding="UTF-8"?>
<testng-results ignored="0" total="3" passed="3" failed="0" skipped="0">
  <reporter-output>
  </reporter-output>
  <suite started-at="2024-01-29T17:51:39 IST" name="Default suite" finished-at="2024-01-29T17:51:40 IST" duration-ms="537">
    <groups>
    </groups>
    <test started-at="2024-01-29T17:51:39 IST" name="Default test" finished-at="2024-01-29T17:51:40 IST" duration-ms="537">
      <class name="ngExcel">
        <test-method signature="testrun(java.lang.String,java.lang.String,java.lang.String)[pri:0, instance:ngExcel@1750fbeb]" started-at="2024-01-29T17:51:40 IST" name="testrun" data-provider="data1" finished-at="2024-01-29T17:51:40 IST" duration-ms="8" status="PASS">
          <params>
            <param index="0">
              <value>
                <![CDATA[Login]]>
              </value>
            </param>
            <param index="1">
              <value>
                <![CDATA[asdf]]>
              </value>
            </param>
            <param index="2">
              <value>
                <![CDATA[lili]]>
              </value>
            </param>
          </params>
          <reporter-output>
          </reporter-output>
        </test-method> <!-- testrun -->
        <test-method signature="testrun(java.lang.String,java.lang.String,java.lang.String)[pri:0, instance:ngExcel@1750fbeb]" started-at="2024-01-29T17:51:40 IST" name="testrun" data-provider="data1" finished-at="2024-01-29T17:51:40 IST" duration-ms="1" status="PASS">
          <params>
            <param index="0">
              <value>
                <![CDATA[Purchase]]>
              </value>
            </param>
            <param index="1">
              <value>
                <![CDATA[sdsd]]>
              </value>
            </param>
            <param index="2">
              <value>
                <![CDATA[ff]]>
              </value>
            </param>
          </params>
          <reporter-output>
          </reporter-output>
        </test-method> <!-- testrun -->
        <test-method signature="testrun(java.lang.String,java.lang.String,java.lang.String)[pri:0, instance:ngExcel@1750fbeb]" started-at="2024-01-29T17:51:40 IST" name="testrun" data-provider="data1" finished-at="2024-01-29T17:51:40 IST" duration-ms="1" status="PASS">
          <params>
            <param index="0">
              <value>
                <![CDATA[Addprofile]]>
              </value>
            </param>
            <param index="1">
              <value>
                <![CDATA[ffe]]>
              </value>
            </param>
            <param index="2">
              <value>
                <![CDATA[112]]>
              </value>
            </param>
          </params>
          <reporter-output>
          </reporter-output>
        </test-method> <!-- testrun -->
      </class> <!-- ngExcel -->
    </test> <!-- Default test -->
  </suite> <!-- Default suite -->
</testng-results>
